<?xml version="1.0" encoding="UTF-8"?>
<!-- Generated by org.testng.reporters.JUnitReportReporter -->
<testsuite hostname="Keshav" failures="0" tests="1" name="com.letsKodeIt.test_classes.LoginTests" time="16.610" errors="0" timestamp="2021-07-07T12:01:48 IST" skipped="0">
  <testcase classname="com.letsKodeIt.test_classes.LoginTests" name="testLogin" time="16.610"/>
  <system-out/>
</testsuite> <!-- com.letsKodeIt.test_classes.LoginTests -->
