<?xml version="1.0" encoding="UTF-8"?>
<!-- Generated by org.testng.reporters.JUnitReportReporter -->
<testsuite hostname="Keshav" failures="0" tests="2" name="com.letsKodeIt.test_classes.AllCoursesTests" time="18.799" errors="0" timestamp="2021-07-08T07:17:14 IST" skipped="0">
  <testcase classname="com.letsKodeIt.test_classes.AllCoursesTests" name="verifySearchCourse" time="9.026"/>
  <system-out/>
  <testcase classname="com.letsKodeIt.test_classes.AllCoursesTests" name="filterByCategory" time="9.773"/>
  <system-out/>
</testsuite> <!-- com.letsKodeIt.test_classes.AllCoursesTests -->
