<?xml version="1.0" encoding="UTF-8"?>
<!-- Generated by org.testng.reporters.JUnitReportReporter -->
<testsuite hostname="Keshav" failures="0" tests="2" name="com.letsKodeIt.test_classes.AllCoursesTests" time="3.877" errors="0" timestamp="2021-07-07T10:56:07 IST" skipped="0">
  <testcase classname="com.letsKodeIt.test_classes.AllCoursesTests" name="filterByCategory" time="2.635"/>
  <system-out/>
  <testcase classname="com.letsKodeIt.test_classes.AllCoursesTests" name="verifySearchCourse" time="1.242"/>
  <system-out/>
</testsuite> <!-- com.letsKodeIt.test_classes.AllCoursesTests -->
